97.10.03 13:14 B d:\data\Rich\hyp\pid\soc\soc-comm --> shell1.dev-com.com /home/rcr1/pid/soc soc-comm
97.10.03 13:14 B d:\data\Rich\hyp\pid\soc\soc-comm.1 --> shell1.dev-com.com /home/rcr1/pid/soc soc-comm.1
97.10.03 13:14 B d:\data\Rich\hyp\pid\soc\soc-comp --> shell1.dev-com.com /home/rcr1/pid/soc soc-comp
97.10.03 13:14 B d:\data\Rich\hyp\pid\soc\soc-t-k.lpg --> shell1.dev-com.com /home/rcr1/pid/soc soc-t-k.lpg
97.10.03 13:14 B d:\data\Rich\hyp\pid\soc\soc-t-k1.lpg --> shell1.dev-com.com /home/rcr1/pid/soc soc-t-k1.lpg
97.10.03 13:14 B d:\data\Rich\hyp\pid\soc\soc00 --> shell1.dev-com.com /home/rcr1/pid/soc soc00
97.10.03 13:14 B d:\data\Rich\hyp\pid\soc\soc_vs_.ref --> shell1.dev-com.com /home/rcr1/pid/soc soc_vs_.ref
97.10.03 13:14 B d:\data\Rich\hyp\pid\soc\soc_vs_b.ick --> shell1.dev-com.com /home/rcr1/pid/soc soc_vs_b.ick
97.10.03 13:14 B d:\data\Rich\hyp\pid\soc\socagg1.grp --> shell1.dev-com.com /home/rcr1/pid/soc socagg1.grp
97.10.03 13:14 B d:\data\Rich\hyp\pid\soc\socethno.spk --> shell1.dev-com.com /home/rcr1/pid/soc socethno.spk
97.10.03 13:14 B d:\data\Rich\hyp\pid\soc\socgum01 --> shell1.dev-com.com /home/rcr1/pid/soc socgum01
97.10.03 13:14 B d:\data\Rich\hyp\pid\soc\socgum1.1 --> shell1.dev-com.com /home/rcr1/pid/soc socgum1.1
97.10.03 13:14 B d:\data\Rich\hyp\pid\soc\socgum1.11 --> shell1.dev-com.com /home/rcr1/pid/soc socgum1.11
97.10.03 13:14 B d:\data\Rich\hyp\pid\soc\socgum1.12 --> shell1.dev-com.com /home/rcr1/pid/soc socgum1.12
97.10.03 13:14 B d:\data\Rich\hyp\pid\soc\socgum1.13 --> shell1.dev-com.com /home/rcr1/pid/soc socgum1.13
97.10.03 13:14 B d:\data\Rich\hyp\pid\soc\socgum1.14 --> shell1.dev-com.com /home/rcr1/pid/soc socgum1.14
97.10.03 13:14 B d:\data\Rich\hyp\pid\soc\socgum1.15 --> shell1.dev-com.com /home/rcr1/pid/soc socgum1.15
97.10.03 13:14 B d:\data\Rich\hyp\pid\soc\socgum1.2 --> shell1.dev-com.com /home/rcr1/pid/soc socgum1.2
97.10.03 13:14 B d:\data\Rich\hyp\pid\soc\socgum1.21 --> shell1.dev-com.com /home/rcr1/pid/soc socgum1.21
97.10.03 13:14 B d:\data\Rich\hyp\pid\soc\socgum1.22 --> shell1.dev-com.com /home/rcr1/pid/soc socgum1.22
97.10.03 13:14 B d:\data\Rich\hyp\pid\soc\socgum1.23 --> shell1.dev-com.com /home/rcr1/pid/soc socgum1.23
97.10.03 13:14 B d:\data\Rich\hyp\pid\soc\socgum1.24 --> shell1.dev-com.com /home/rcr1/pid/soc socgum1.24
97.10.03 13:14 B d:\data\Rich\hyp\pid\soc\socgum1.25 --> shell1.dev-com.com /home/rcr1/pid/soc socgum1.25
97.10.03 13:14 B d:\data\Rich\hyp\pid\soc\socgum1.3 --> shell1.dev-com.com /home/rcr1/pid/soc socgum1.3
97.10.03 13:14 B d:\data\Rich\hyp\pid\soc\socgum1.31 --> shell1.dev-com.com /home/rcr1/pid/soc socgum1.31
97.10.03 13:15 B d:\data\Rich\hyp\pid\soc\socgum1.32 --> shell1.dev-com.com /home/rcr1/pid/soc socgum1.32
97.10.03 13:15 B d:\data\Rich\hyp\pid\soc\socgum1.33 --> shell1.dev-com.com /home/rcr1/pid/soc socgum1.33
97.10.03 13:15 B d:\data\Rich\hyp\pid\soc\socgum1.34 --> shell1.dev-com.com /home/rcr1/pid/soc socgum1.34
97.10.03 13:15 B d:\data\Rich\hyp\pid\soc\sochst00 --> shell1.dev-com.com /home/rcr1/pid/soc sochst00
97.10.03 13:15 B d:\data\Rich\hyp\pid\soc\sochym00 --> shell1.dev-com.com /home/rcr1/pid/soc sochym00
97.10.03 13:15 B d:\data\Rich\hyp\pid\soc\soclab00 --> shell1.dev-com.com /home/rcr1/pid/soc soclab00
97.10.03 13:15 B d:\data\Rich\hyp\pid\soc\soclab01.00 --> shell1.dev-com.com /home/rcr1/pid/soc soclab01.00
97.10.03 13:15 B d:\data\Rich\hyp\pid\soc\soclab01.01 --> shell1.dev-com.com /home/rcr1/pid/soc soclab01.01
97.10.03 13:15 B d:\data\Rich\hyp\pid\soc\soclab01.02 --> shell1.dev-com.com /home/rcr1/pid/soc soclab01.02
97.10.03 13:15 B d:\data\Rich\hyp\pid\soc\soclab01.03 --> shell1.dev-com.com /home/rcr1/pid/soc soclab01.03
97.10.03 13:15 B d:\data\Rich\hyp\pid\soc\soclab01.04 --> shell1.dev-com.com /home/rcr1/pid/soc soclab01.04
97.10.03 13:15 B d:\data\Rich\hyp\pid\soc\soclab02.00 --> shell1.dev-com.com /home/rcr1/pid/soc soclab02.00
97.10.03 13:15 B d:\data\Rich\hyp\pid\soc\soclab03.00 --> shell1.dev-com.com /home/rcr1/pid/soc soclab03.00
97.10.03 13:15 B d:\data\Rich\hyp\pid\soc\soclab03.01 --> shell1.dev-com.com /home/rcr1/pid/soc soclab03.01
97.10.03 13:15 B d:\data\Rich\hyp\pid\soc\soclab03.02 --> shell1.dev-com.com /home/rcr1/pid/soc soclab03.02
97.10.03 13:15 B d:\data\Rich\hyp\pid\soc\soclab03.03 --> shell1.dev-com.com /home/rcr1/pid/soc soclab03.03
97.10.03 13:15 B d:\data\Rich\hyp\pid\soc\soclab03.04 --> shell1.dev-com.com /home/rcr1/pid/soc soclab03.04
97.10.03 13:15 B d:\data\Rich\hyp\pid\soc\soclab04.00 --> shell1.dev-com.com /home/rcr1/pid/soc soclab04.00
97.10.03 13:15 B d:\data\Rich\hyp\pid\soc\soclab05.00 --> shell1.dev-com.com /home/rcr1/pid/soc soclab05.00
97.10.03 13:15 B d:\data\Rich\hyp\pid\soc\socliber.ate --> shell1.dev-com.com /home/rcr1/pid/soc socliber.ate
97.10.03 13:15 B d:\data\Rich\hyp\pid\soc\soclng00 --> shell1.dev-com.com /home/rcr1/pid/soc soclng00
97.10.03 13:15 B d:\data\Rich\hyp\pid\soc\soclng01 --> shell1.dev-com.com /home/rcr1/pid/soc soclng01
97.10.03 13:15 B d:\data\Rich\hyp\pid\soc\soclng03 --> shell1.dev-com.com /home/rcr1/pid/soc soclng03
97.10.03 13:15 B d:\data\Rich\hyp\pid\soc\socnat00.co_ --> shell1.dev-com.com /home/rcr1/pid/soc socnat00.co_
97.10.03 13:15 B d:\data\Rich\hyp\pid\soc\socnat00.com --> shell1.dev-com.com /home/rcr1/pid/soc socnat00.com
97.10.03 13:15 B d:\data\Rich\hyp\pid\soc\socother --> shell1.dev-com.com /home/rcr1/pid/soc socother
97.10.03 13:15 B d:\data\Rich\hyp\pid\soc\socrickf.01 --> shell1.dev-com.com /home/rcr1/pid/soc socrickf.01
97.10.03 13:15 B d:\data\Rich\hyp\pid\soc\socscope --> shell1.dev-com.com /home/rcr1/pid/soc socscope
97.10.03 13:15 B d:\data\Rich\hyp\pid\soc\socscope.val --> shell1.dev-com.com /home/rcr1/pid/soc socscope.val
